<?xml version="1.0" encoding="UTF-8"?>
<!-- Generated by org.testng.reporters.JUnitReportReporter -->
<testsuite hostname="DESKTOP-39QPHT9" failures="0" tests="1" name="Testcase.TestCases" time="45.376" errors="0" timestamp="2023-03-22T15:16:32 IST" skipped="0">
  <testcase classname="Testcase.TestCases" name="signUpTC_002" time="45.376"/>
  <system-out/>
</testsuite> <!-- Testcase.TestCases -->
